2019-04-19 14:50:17 [main] INFO  com.lucas.javase.maven_mybatis.App
Hello World!

2019-04-19 15:16:16 [main] INFO  com.lucas.javase.maven_mybatis.MybatisDemo
指定全局配置文件

2019-04-19 15:16:16 [main] INFO  com.lucas.javase.maven_mybatis.MybatisDemo
加载所有配置文件

2019-04-19 15:16:17 [main] INFO  com.lucas.javase.maven_mybatis.MybatisDemo
创建SqlSession

2019-04-19 15:16:17 [main] INFO  com.lucas.javase.maven_mybatis.MybatisDemo
调用SqlSession的接口方法

2019-04-19 15:16:18 [main] INFO  com.lucas.javase.maven_mybatis.MybatisDemo
null

2019-04-19 15:16:18 [main] INFO  com.lucas.javase.maven_mybatis.MybatisDemo
释放资源

2019-04-19 15:16:30 [main] INFO  com.lucas.javase.maven_mybatis.MybatisDemo
指定全局配置文件

2019-04-19 15:16:30 [main] INFO  com.lucas.javase.maven_mybatis.MybatisDemo
加载所有配置文件

2019-04-19 15:16:31 [main] INFO  com.lucas.javase.maven_mybatis.MybatisDemo
创建SqlSession

2019-04-19 15:16:31 [main] INFO  com.lucas.javase.maven_mybatis.MybatisDemo
调用SqlSession的接口方法

2019-04-19 15:16:34 [main] INFO  com.lucas.javase.maven_mybatis.MybatisDemo
null

2019-04-19 15:16:34 [main] INFO  com.lucas.javase.maven_mybatis.MybatisDemo
释放资源

2019-04-19 15:17:55 [main] INFO  com.lucas.javase.maven_mybatis.MybatisDemo
指定全局配置文件

2019-04-19 15:17:55 [main] INFO  com.lucas.javase.maven_mybatis.MybatisDemo
加载所有配置文件

2019-04-19 15:17:55 [main] INFO  com.lucas.javase.maven_mybatis.MybatisDemo
创建SqlSession

2019-04-19 15:17:55 [main] INFO  com.lucas.javase.maven_mybatis.MybatisDemo
调用SqlSession的接口方法

2019-04-19 15:17:55 [main] INFO  com.lucas.javase.maven_mybatis.MybatisDemo
null

2019-04-19 15:17:55 [main] INFO  com.lucas.javase.maven_mybatis.MybatisDemo
释放资源

2019-04-19 15:18:33 [main] INFO  com.lucas.javase.maven_mybatis.MybatisDemo
指定全局配置文件

2019-04-19 15:18:33 [main] INFO  com.lucas.javase.maven_mybatis.MybatisDemo
加载所有配置文件

2019-04-19 15:18:34 [main] INFO  com.lucas.javase.maven_mybatis.MybatisDemo
创建SqlSession

2019-04-19 15:18:34 [main] INFO  com.lucas.javase.maven_mybatis.MybatisDemo
调用SqlSession的接口方法

2019-04-19 15:18:34 [main] INFO  com.lucas.javase.maven_mybatis.MybatisDemo
User [id=1, name=null]

2019-04-19 15:18:34 [main] INFO  com.lucas.javase.maven_mybatis.MybatisDemo
释放资源

2019-04-19 15:19:23 [main] INFO  com.lucas.javase.maven_mybatis.MybatisDemo
指定全局配置文件

2019-04-19 15:19:23 [main] INFO  com.lucas.javase.maven_mybatis.MybatisDemo
加载所有配置文件

2019-04-19 15:19:23 [main] INFO  com.lucas.javase.maven_mybatis.MybatisDemo
创建SqlSession

2019-04-19 15:19:23 [main] INFO  com.lucas.javase.maven_mybatis.MybatisDemo
调用SqlSession的接口方法

2019-04-19 15:19:23 [main] INFO  com.lucas.javase.maven_mybatis.MybatisDemo
User [id=1, name=lucas&lucy]

2019-04-19 15:19:23 [main] INFO  com.lucas.javase.maven_mybatis.MybatisDemo
释放资源

2019-04-19 15:21:41 [main] INFO  com.lucas.javase.maven_mybatis.MybatisDemo
指定全局配置文件

2019-04-19 15:21:41 [main] INFO  com.lucas.javase.maven_mybatis.MybatisDemo
加载所有配置文件

2019-04-19 15:21:42 [main] INFO  com.lucas.javase.maven_mybatis.MybatisDemo
创建SqlSession

2019-04-19 15:21:42 [main] INFO  com.lucas.javase.maven_mybatis.MybatisDemo
调用SqlSession的接口方法

2019-04-19 15:21:42 [main] INFO  com.lucas.javase.maven_mybatis.MybatisDemo
插入数据数量：1

2019-04-19 15:21:42 [main] INFO  com.lucas.javase.maven_mybatis.MybatisDemo
释放资源

2019-04-19 15:21:42 [main] INFO  com.lucas.javase.maven_mybatis.MybatisDemo
指定全局配置文件

2019-04-19 15:21:42 [main] INFO  com.lucas.javase.maven_mybatis.MybatisDemo
加载所有配置文件

2019-04-19 15:21:42 [main] INFO  com.lucas.javase.maven_mybatis.MybatisDemo
创建SqlSession

2019-04-19 15:21:42 [main] INFO  com.lucas.javase.maven_mybatis.MybatisDemo
调用SqlSession的接口方法

2019-04-19 15:21:42 [main] INFO  com.lucas.javase.maven_mybatis.MybatisDemo
User [id=1, name=lucas&lucy]

2019-04-19 15:21:42 [main] INFO  com.lucas.javase.maven_mybatis.MybatisDemo
释放资源

2019-04-19 15:22:25 [main] INFO  com.lucas.javase.maven_mybatis.MybatisDemo
指定全局配置文件

2019-04-19 15:22:25 [main] INFO  com.lucas.javase.maven_mybatis.MybatisDemo
加载所有配置文件

2019-04-19 15:22:25 [main] INFO  com.lucas.javase.maven_mybatis.MybatisDemo
创建SqlSession

2019-04-19 15:22:25 [main] INFO  com.lucas.javase.maven_mybatis.MybatisDemo
调用SqlSession的接口方法

2019-04-19 15:22:25 [main] INFO  com.lucas.javase.maven_mybatis.MybatisDemo
插入数据数量：1

2019-04-19 15:22:25 [main] INFO  com.lucas.javase.maven_mybatis.MybatisDemo
释放资源

2019-04-19 15:22:25 [main] INFO  com.lucas.javase.maven_mybatis.MybatisDemo
指定全局配置文件

2019-04-19 15:22:25 [main] INFO  com.lucas.javase.maven_mybatis.MybatisDemo
加载所有配置文件

2019-04-19 15:22:25 [main] INFO  com.lucas.javase.maven_mybatis.MybatisDemo
创建SqlSession

2019-04-19 15:22:25 [main] INFO  com.lucas.javase.maven_mybatis.MybatisDemo
调用SqlSession的接口方法

2019-04-19 15:22:26 [main] INFO  com.lucas.javase.maven_mybatis.MybatisDemo
User [id=1, name=lucas&lucy]

2019-04-19 15:22:26 [main] INFO  com.lucas.javase.maven_mybatis.MybatisDemo
释放资源

2019-04-19 15:35:42 [main] INFO  com.lucas.javase.maven_mybatis.dao.MybatisDemo
指定全局配置文件

2019-04-19 15:35:42 [main] INFO  com.lucas.javase.maven_mybatis.dao.MybatisDemo
加载所有配置文件

2019-04-19 15:35:42 [main] INFO  com.lucas.javase.maven_mybatis.dao.MybatisDemo
创建SqlSession

2019-04-19 15:35:42 [main] INFO  com.lucas.javase.maven_mybatis.dao.MybatisDemo
指定全局配置文件

2019-04-19 15:35:42 [main] INFO  com.lucas.javase.maven_mybatis.dao.MybatisDemo
加载所有配置文件

2019-04-19 15:35:42 [main] INFO  com.lucas.javase.maven_mybatis.dao.MybatisDemo
创建SqlSession

2019-04-19 15:35:43 [main] INFO  com.lucas.javase.maven_mybatis.dao.MybatisDemo
User [id=1, name=lucas&lucy]

2019-04-19 15:38:09 [main] INFO  com.lucas.javase.maven_mybatis.dao.MybatisDemo
指定全局配置文件

2019-04-19 15:38:09 [main] INFO  com.lucas.javase.maven_mybatis.dao.MybatisDemo
加载所有配置文件

2019-04-19 15:38:10 [main] INFO  com.lucas.javase.maven_mybatis.dao.MybatisDemo
创建SqlSession

2019-04-19 15:38:10 [main] INFO  com.lucas.javase.maven_mybatis.dao.MybatisDemo
插入数据数量：1

2019-04-19 15:38:10 [main] INFO  com.lucas.javase.maven_mybatis.dao.MybatisDemo
释放资源

2019-04-19 15:38:10 [main] INFO  com.lucas.javase.maven_mybatis.dao.MybatisDemo
指定全局配置文件

2019-04-19 15:38:10 [main] INFO  com.lucas.javase.maven_mybatis.dao.MybatisDemo
加载所有配置文件

2019-04-19 15:38:10 [main] INFO  com.lucas.javase.maven_mybatis.dao.MybatisDemo
创建SqlSession

2019-04-19 15:38:10 [main] INFO  com.lucas.javase.maven_mybatis.dao.MybatisDemo
User [id=1, name=lucas&lucy]

2019-04-19 15:40:45 [main] INFO  com.lucas.javase.maven_mybatis.dao.MybatisDemo
指定全局配置文件

2019-04-19 15:40:45 [main] INFO  com.lucas.javase.maven_mybatis.dao.MybatisDemo
加载所有配置文件

2019-04-19 15:40:45 [main] INFO  com.lucas.javase.maven_mybatis.dao.MybatisDemo
创建SqlSession

2019-04-19 15:40:46 [main] INFO  com.lucas.javase.maven_mybatis.dao.MybatisDemo
插入数据数量：1

2019-04-19 15:40:46 [main] INFO  com.lucas.javase.maven_mybatis.dao.MybatisDemo
释放资源

2019-04-19 15:40:46 [main] INFO  com.lucas.javase.maven_mybatis.dao.MybatisDemo
指定全局配置文件

2019-04-19 15:40:46 [main] INFO  com.lucas.javase.maven_mybatis.dao.MybatisDemo
加载所有配置文件

2019-04-19 15:40:46 [main] INFO  com.lucas.javase.maven_mybatis.dao.MybatisDemo
创建SqlSession

2019-04-19 15:40:46 [main] INFO  com.lucas.javase.maven_mybatis.dao.MybatisDemo
User [id=1, name=lucas&lucy]

2019-04-19 15:40:46 [main] INFO  com.lucas.javase.maven_mybatis.dao.MybatisDemo
释放资源

2019-04-19 16:13:03 [main] INFO  com.lucas.javase.maven_mybatis.annotation.MybatisDemo
指定全局配置文件

2019-04-19 16:13:03 [main] INFO  com.lucas.javase.maven_mybatis.annotation.MybatisDemo
加载所有配置文件

2019-04-19 16:13:03 [main] INFO  com.lucas.javase.maven_mybatis.annotation.MybatisDemo
创建SqlSession

2019-04-19 16:13:03 [main] INFO  com.lucas.javase.maven_mybatis.annotation.MybatisDemo
指定全局配置文件

2019-04-19 16:13:03 [main] INFO  com.lucas.javase.maven_mybatis.annotation.MybatisDemo
加载所有配置文件

2019-04-19 16:13:03 [main] INFO  com.lucas.javase.maven_mybatis.annotation.MybatisDemo
创建SqlSession

2019-04-19 16:14:16 [main] INFO  com.lucas.javase.maven_mybatis.annotation.MybatisDemo
指定全局配置文件

2019-04-19 16:14:16 [main] INFO  com.lucas.javase.maven_mybatis.annotation.MybatisDemo
加载所有配置文件

2019-04-19 16:14:16 [main] INFO  com.lucas.javase.maven_mybatis.annotation.MybatisDemo
创建SqlSession

2019-04-19 16:14:16 [main] INFO  com.lucas.javase.maven_mybatis.annotation.MybatisDemo
指定全局配置文件

2019-04-19 16:14:16 [main] INFO  com.lucas.javase.maven_mybatis.annotation.MybatisDemo
加载所有配置文件

2019-04-19 16:14:16 [main] INFO  com.lucas.javase.maven_mybatis.annotation.MybatisDemo
创建SqlSession

