2019-04-18 10:34:04 INFO [main]: 
计算bmi...
 2019-04-18 10:34:04 INFO [main]: 
bmi指数=体重（kg）/身高（m）的平方
 2019-04-18 10:34:44 INFO [main]: 
计算bmi...
 2019-04-18 10:34:44 INFO [main]: 
bmi指数=体重（kg）/身高（m）的平方
 2019-04-18 10:34:56 INFO [main]: 
您的bmi指数：bmi指数=55.000000（kg）/1.750000（m）的平方=17.96
 2019-04-18 10:35:49 INFO [main]: 
计算bmi...
 2019-04-18 10:35:49 INFO [main]: 
bmi指数=体重（kg）/身高（m）的平方
 2019-04-18 10:35:57 INFO [main]: 
您的bmi指数：bmi指数=55.00（kg）/1.75（m）的平方=17.96
 2019-04-18 10:36:56 INFO [main]: 
计算bmi...
 2019-04-18 10:36:56 INFO [main]: 
bmi指数=体重（kg）/身高（m）的平方
 2019-04-18 10:39:21 INFO [main]: 
您的bmi指数：bmi指数=53.00（kg）/1.73（m）的平方=17.71
 2019-04-18 10:39:53 INFO [main]: 
您的bmi指数：bmi指数=55.00（kg）/1.75（m）的平方=17.96
 